total 3872
-rw-r--r--. 1 ikrav hep   22500 Jul  5 03:54 debug.C~
-rw-r--r--. 1 ikrav hep    3792 Jul  5 03:56 debug.C
-rw-r--r--. 1 ikrav hep    4445 Jul  5 03:56 debug_C.d
-rwxr-xr-x. 1 ikrav hep   28228 Jul  5 03:57 debug_C.so
-rw-r--r--. 1 ikrav hep   23105 Jul  5 03:59 debug2.C~
-rwxr-xr-x. 1 ikrav hep   31523 Jul  5 04:00 debug2_C.so
-rw-r--r--. 1 ikrav hep   22682 Jul  5 04:04 debug2.C
-rw-r--r--. 1 ikrav hep    4499 Jul  5 04:04 debug2_C.d
-rw-r--r--. 1 ikrav hep   22520 Jul  5 04:04 debug3.C~
-rw-r--r--. 1 ikrav hep    4499 Jul  5 04:06 debug3_C.d
-rwxr-xr-x. 1 ikrav hep   36610 Jul  5 04:06 debug3_C.so
-rw-r--r--. 1 ikrav hep   22723 Jul  5 04:07 debug3.C
-rw-r--r--. 1 ikrav hep 1249630 Jul  5 11:16 test.log
-rw-r--r--. 1 ikrav hep    1518 Jul  7 04:42 skim_com.sh~
-rw-r--r--. 1 ikrav hep    1519 Jul  7 04:43 skim_com.sh
-rw-r--r--. 1 ikrav hep   23759 Jul 10 09:25 reduceNtuples.C~
-rw-r--r--. 1 ikrav hep   23776 Jul 11 03:51 reduceNtuples.C
-rw-r--r--. 1 ikrav hep   19236 Jul 11 03:51 reduceNtuples_C.d
-rw-r--r--. 1 ikrav hep    1367 Jul 11 03:52 reduceNtuples_C_ACLiC_dict_rdict.pcm
-rwxr-xr-x. 1 ikrav hep   48808 Jul 11 03:52 reduceNtuples_C.so
-rw-r--r--. 1 ikrav hep   24012 Jul 11 05:44 skimming.C~
-rw-r--r--. 1 ikrav hep   24153 Jul 12 08:26 skimming.C
-rw-r--r--. 1 ikrav hep  274086 Jul 13 09:01 test_fulldrop.root
-rw-r--r--. 1 ikrav hep 1864672 Jul 13 09:02 test_partialdrop.root
-rwxr--r--. 1 ikrav hep     106 Jul 17 05:51 run_all.sh~
-rwxr--r--. 1 ikrav hep     122 Jul 17 06:13 run_all.sh
-rw-r--r--. 1 ikrav hep     381 Jul 17 06:32 skimControlScript.condor~
-rwxr-xr-x. 1 ikrav hep    1924 Jul 17 10:00 test.py~
-rwxr-xr-x. 1 ikrav hep     507 Jul 17 10:03 test.py
-rwxr--r--. 1 ikrav hep    2329 Jul 18 05:24 processOneSample.py~
-rw-r--r--. 1 ikrav hep   11259 Jul 18 06:18 skimGoodEvents.C~
-rw-r--r--. 1 ikrav hep    1371 Jul 18 06:19 skimGoodEvents_C_ACLiC_dict_rdict.pcm
-rwxr-xr-x. 1 ikrav hep   40392 Jul 18 06:19 skimGoodEvents_C.so
-rwxr--r--. 1 ikrav hep    2535 Jul 18 06:38 processOneSample.py
-rwxr--r--. 1 ikrav hep     743 Jul 18 09:21 processOneSample.sh~
-rw-r--r--. 1 ikrav hep     404 Jul 18 09:24 skimControlScript.condor
-rw-r--r--. 1 ikrav hep       9 Jul 18 09:30 submitAllSamples.sh~
-rwxr-xr-x. 1 ikrav hep     444 Jul 18 09:46 submitAllSamples.sh
-rwxr--r--. 1 ikrav hep     787 Jul 18 10:22 processOneSample.sh
-rw-r--r--. 1 ikrav hep   11318 Jul 18 10:31 skimGoodEvents.C
-rw-r--r--. 1 ikrav hep   19409 Jul 18 10:35 skimGoodEvents_C.d
drwxr-xr-x. 2 ikrav hep       6 Jul 18 10:58 condor_logs
